02/23/2026 20:38:36 PM - INFO - dirbenign start 0 end 1
02/23/2026 20:38:36 PM - INFO - dirbenign start 1 end 1
02/23/2026 20:38:36 PM - INFO - dirbenign start 2 end 1
02/23/2026 20:38:36 PM - INFO - dirbenign start 3 end 1
02/23/2026 20:38:36 PM - INFO - dirbenign start 4 end 1
02/23/2026 20:38:36 PM - INFO - dirbenign start 5 end 1
02/23/2026 20:38:36 PM - INFO - dirbenign start 6 end 1
02/23/2026 20:38:36 PM - INFO - dirbenign start 7 end 1
02/23/2026 20:38:36 PM - INFO - dirbenign start 8 end 1
02/23/2026 20:38:36 PM - INFO - dirbenign start 9 end 1
02/23/2026 20:38:36 PM - INFO - dirmalware start 0 end 1
02/23/2026 20:38:36 PM - INFO - dirmalware start 1 end 1
02/23/2026 20:38:36 PM - INFO - dirmalware start 2 end 1
02/23/2026 20:38:36 PM - INFO - dirmalware start 3 end 1
02/23/2026 20:38:36 PM - INFO - dirmalware start 4 end 1
02/23/2026 20:38:36 PM - INFO - dirmalware start 5 end 1
02/23/2026 20:38:36 PM - INFO - dirmalware start 6 end 1
02/23/2026 20:38:36 PM - INFO - dirmalware start 7 end 1
02/23/2026 20:38:36 PM - INFO - dirmalware start 8 end 1
02/23/2026 20:38:36 PM - INFO - dirmalware start 9 end 1
02/23/2026 20:38:37 PM - INFO - processing_all_apks begin dir benign  index 6 apk_list_size 0
02/23/2026 20:38:37 PM - INFO - processing_all_apks begin dir benign  index 1 apk_list_size 0
02/23/2026 20:38:37 PM - INFO - processing_all_apks begin dir malware  index 12 apk_list_size 0
02/23/2026 20:38:37 PM - INFO - processing_all_apks begin dir benign  index 2 apk_list_size 0
02/23/2026 20:38:37 PM - INFO - processing_all_apks begin dir malware  index 16 apk_list_size 0
02/23/2026 20:38:37 PM - INFO - processing_all_apks begin dir benign  index 4 apk_list_size 0
02/23/2026 20:38:37 PM - INFO - processing_all_apks begin dir malware  index 14 apk_list_size 0
02/23/2026 20:38:37 PM - INFO - processing_all_apks begin dir benign  index 9 apk_list_size 0
02/23/2026 20:38:37 PM - INFO - processing_all_apks begin dir malware  index 13 apk_list_size 0
02/23/2026 20:38:37 PM - INFO - processing_all_apks begin dir malware  index 15 apk_list_size 0
02/23/2026 20:38:37 PM - INFO - processing_all_apks begin dir benign  index 8 apk_list_size 0
02/23/2026 20:38:37 PM - INFO - processing_all_apks begin dir benign  index 5 apk_list_size 0
02/23/2026 20:38:37 PM - INFO - processing_all_apks begin dir benign  index 0 apk_list_size 1
02/23/2026 20:38:37 PM - INFO - 111111111111111111111111111111111111 0 fff64a437679cbcad1acf132fb003bef5b8adac2f1a1cf218ae13203e530c97a.apk
02/23/2026 20:38:37 PM - INFO - ----------------------------------开始处理benign apk：fff64a437679cbcad1acf132fb003bef5b8adac2f1a1cf218ae13203e530c97a ----- 进程0
02/23/2026 20:38:37 PM - INFO - 正在生成apk fff64a437679cbcad1acf132fb003bef5b8adac2f1a1cf218ae13203e530c97a 的Java CFGs
02/23/2026 20:38:37 PM - INFO - 正在反编译fff64a437679cbcad1acf132fb003bef5b8adac2f1a1cf218ae13203e530c97a
02/23/2026 20:38:37 PM - INFO - processing_all_apks begin dir malware  index 19 apk_list_size 0
02/23/2026 20:38:37 PM - INFO - processing_all_apks begin dir benign  index 3 apk_list_size 0
02/23/2026 20:38:37 PM - INFO - processing_all_apks begin dir malware  index 11 apk_list_size 0
02/23/2026 20:38:37 PM - INFO - processing_all_apks begin dir benign  index 7 apk_list_size 0
02/23/2026 20:38:38 PM - INFO - processing_all_apks begin dir malware  index 17 apk_list_size 0
02/23/2026 20:38:38 PM - INFO - processing_all_apks begin dir malware  index 10 apk_list_size 1
02/23/2026 20:38:38 PM - INFO - 111111111111111111111111111111111111 10 fff6622dd025b88eee1e5d4b75348416fbbe9985d2c099f4db277b5fe331f295.apk
02/23/2026 20:38:38 PM - INFO - ----------------------------------开始处理malware apk：fff6622dd025b88eee1e5d4b75348416fbbe9985d2c099f4db277b5fe331f295 ----- 进程10
02/23/2026 20:38:38 PM - INFO - 正在生成apk fff6622dd025b88eee1e5d4b75348416fbbe9985d2c099f4db277b5fe331f295 的Java CFGs
02/23/2026 20:38:38 PM - INFO - 正在反编译fff6622dd025b88eee1e5d4b75348416fbbe9985d2c099f4db277b5fe331f295
02/23/2026 20:38:38 PM - INFO - processing_all_apks begin dir malware  index 18 apk_list_size 0
02/23/2026 20:38:38 PM - INFO - 正在提取limit信息-fff64a437679cbcad1acf132fb003bef5b8adac2f1a1cf218ae13203e530c97a
02/23/2026 20:38:38 PM - INFO - fff64a437679cbcad1acf132fb003bef5b8adac2f1a1cf218ae13203e530c97a - limit信息提取完成
02/23/2026 20:38:38 PM - INFO - 正在生成Java CFGs-fff64a437679cbcad1acf132fb003bef5b8adac2f1a1cf218ae13203e530c97a
02/23/2026 20:38:38 PM - INFO - 正在提取limit信息-fff6622dd025b88eee1e5d4b75348416fbbe9985d2c099f4db277b5fe331f295
02/23/2026 20:38:38 PM - INFO - fff6622dd025b88eee1e5d4b75348416fbbe9985d2c099f4db277b5fe331f295 - limit信息提取完成
02/23/2026 20:38:38 PM - INFO - 正在生成Java CFGs-fff6622dd025b88eee1e5d4b75348416fbbe9985d2c099f4db277b5fe331f295
02/23/2026 20:40:09 PM - INFO - 已生成Java CFGs-fff6622dd025b88eee1e5d4b75348416fbbe9985d2c099f4db277b5fe331f295
02/23/2026 20:40:09 PM - INFO - 正在生成apk fff6622dd025b88eee1e5d4b75348416fbbe9985d2c099f4db277b5fe331f295 的Native CFGs
02/23/2026 20:40:09 PM - INFO - RelationshipsAbstract...
02/23/2026 20:40:10 PM - INFO - GraphMerging...
02/23/2026 20:40:10 PM - DEBUG - ----------------------------------apk fff6622dd025b88eee1e5d4b75348416fbbe9985d2c099f4db277b5fe331f295 图生成成功，删除tmp文件
02/23/2026 20:55:54 PM - INFO - 已生成Java CFGs-fff64a437679cbcad1acf132fb003bef5b8adac2f1a1cf218ae13203e530c97a
02/23/2026 20:55:54 PM - INFO - 正在生成apk fff64a437679cbcad1acf132fb003bef5b8adac2f1a1cf218ae13203e530c97a 的Native CFGs
02/23/2026 20:55:55 PM - INFO - RelationshipsAbstract...
02/23/2026 20:55:55 PM - ERROR - fff64a437679cbcad1acf132fb003bef5b8adac2f1a1cf218ae13203e530c97a.apk -- 失败,原因[Errno 2] No such file or directory: 'tmp0/java/java_cfg/5/org/techteam/maintenancerequest/statemanager'
02/23/2026 21:06:51 PM - INFO - dirbenign start 0 end 1
02/23/2026 21:06:51 PM - INFO - dirbenign start 1 end 1
02/23/2026 21:06:51 PM - INFO - dirbenign start 2 end 1
02/23/2026 21:06:51 PM - INFO - dirbenign start 3 end 1
02/23/2026 21:06:51 PM - INFO - dirbenign start 4 end 1
02/23/2026 21:06:51 PM - INFO - dirbenign start 5 end 1
02/23/2026 21:06:51 PM - INFO - dirbenign start 6 end 1
02/23/2026 21:06:51 PM - INFO - dirbenign start 7 end 1
02/23/2026 21:06:51 PM - INFO - dirbenign start 8 end 1
02/23/2026 21:06:51 PM - INFO - dirbenign start 9 end 1
02/23/2026 21:06:51 PM - INFO - dirmalware start 0 end 1
02/23/2026 21:06:51 PM - INFO - dirmalware start 1 end 1
02/23/2026 21:06:51 PM - INFO - dirmalware start 2 end 1
02/23/2026 21:06:51 PM - INFO - dirmalware start 3 end 1
02/23/2026 21:06:51 PM - INFO - dirmalware start 4 end 1
02/23/2026 21:06:51 PM - INFO - dirmalware start 5 end 1
02/23/2026 21:06:51 PM - INFO - dirmalware start 6 end 1
02/23/2026 21:06:51 PM - INFO - dirmalware start 7 end 1
02/23/2026 21:06:51 PM - INFO - dirmalware start 8 end 1
02/23/2026 21:06:51 PM - INFO - dirmalware start 9 end 1
02/23/2026 21:06:51 PM - INFO - processing_all_apks begin dir benign  index 1 apk_list_size 0
02/23/2026 21:06:51 PM - INFO - processing_all_apks begin dir benign  index 6 apk_list_size 0
02/23/2026 21:06:51 PM - INFO - processing_all_apks begin dir benign  index 4 apk_list_size 0
02/23/2026 21:06:51 PM - INFO - processing_all_apks begin dir malware  index 12 apk_list_size 0
02/23/2026 21:06:51 PM - INFO - processing_all_apks begin dir benign  index 9 apk_list_size 0
02/23/2026 21:06:51 PM - INFO - processing_all_apks begin dir malware  index 19 apk_list_size 0
02/23/2026 21:06:52 PM - INFO - processing_all_apks begin dir benign  index 3 apk_list_size 0
02/23/2026 21:06:52 PM - INFO - processing_all_apks begin dir malware  index 13 apk_list_size 0
02/23/2026 21:06:52 PM - INFO - processing_all_apks begin dir benign  index 5 apk_list_size 0
02/23/2026 21:06:52 PM - INFO - processing_all_apks begin dir malware  index 17 apk_list_size 0
02/23/2026 21:06:52 PM - INFO - processing_all_apks begin dir benign  index 8 apk_list_size 0
02/23/2026 21:06:52 PM - INFO - processing_all_apks begin dir benign  index 7 apk_list_size 0
02/23/2026 21:06:52 PM - INFO - processing_all_apks begin dir malware  index 15 apk_list_size 0
02/23/2026 21:06:52 PM - INFO - processing_all_apks begin dir malware  index 18 apk_list_size 0
02/23/2026 21:06:52 PM - INFO - processing_all_apks begin dir benign  index 0 apk_list_size 1
02/23/2026 21:06:52 PM - INFO - 111111111111111111111111111111111111 0 fff64a437679cbcad1acf132fb003bef5b8adac2f1a1cf218ae13203e530c97a.apk
02/23/2026 21:06:52 PM - INFO - processing_all_apks begin dir benign  index 2 apk_list_size 0
02/23/2026 21:06:52 PM - INFO - ----------------------------------开始处理benign apk：fff64a437679cbcad1acf132fb003bef5b8adac2f1a1cf218ae13203e530c97a ----- 进程0
02/23/2026 21:06:52 PM - INFO - processing_all_apks begin dir malware  index 14 apk_list_size 0
02/23/2026 21:06:52 PM - INFO - processing_all_apks begin dir malware  index 11 apk_list_size 0
02/23/2026 21:06:52 PM - INFO - 正在生成apk fff64a437679cbcad1acf132fb003bef5b8adac2f1a1cf218ae13203e530c97a 的Java CFGs
02/23/2026 21:06:52 PM - INFO - 正在反编译fff64a437679cbcad1acf132fb003bef5b8adac2f1a1cf218ae13203e530c97a
02/23/2026 21:06:52 PM - INFO - processing_all_apks begin dir malware  index 16 apk_list_size 0
02/23/2026 21:06:52 PM - INFO - processing_all_apks begin dir malware  index 10 apk_list_size 1
02/23/2026 21:06:52 PM - INFO - 111111111111111111111111111111111111 10 fff6622dd025b88eee1e5d4b75348416fbbe9985d2c099f4db277b5fe331f295.apk
02/23/2026 21:06:52 PM - INFO - ----------------------------------apk fff6622dd025b88eee1e5d4b75348416fbbe9985d2c099f4db277b5fe331f295.apk已生成图
02/23/2026 21:06:53 PM - INFO - 正在提取limit信息-fff64a437679cbcad1acf132fb003bef5b8adac2f1a1cf218ae13203e530c97a
02/23/2026 21:06:53 PM - INFO - fff64a437679cbcad1acf132fb003bef5b8adac2f1a1cf218ae13203e530c97a - limit信息提取完成
02/23/2026 21:06:53 PM - INFO - 正在生成Java CFGs-fff64a437679cbcad1acf132fb003bef5b8adac2f1a1cf218ae13203e530c97a
02/23/2026 21:24:16 PM - INFO - 已生成Java CFGs-fff64a437679cbcad1acf132fb003bef5b8adac2f1a1cf218ae13203e530c97a
02/23/2026 21:24:16 PM - INFO - 正在生成apk fff64a437679cbcad1acf132fb003bef5b8adac2f1a1cf218ae13203e530c97a 的Native CFGs
02/23/2026 21:24:17 PM - INFO - RelationshipsAbstract...
02/23/2026 21:24:17 PM - ERROR - fff64a437679cbcad1acf132fb003bef5b8adac2f1a1cf218ae13203e530c97a.apk -- 失败,原因[Errno 2] No such file or directory: 'tmp0/java/java_cfg/5/org/techteam/maintenancerequest/statemanager'
